2021-11-09 18:23:22,560:INFO:Initializing load_model()
2021-11-09 18:23:22,560:INFO:load_model(model_name=model, platform=None, authentication=None, verbose=True)
2021-11-09 18:23:38,707:INFO:Initializing load_model()
2021-11-09 18:23:38,707:INFO:load_model(model_name=model, platform=None, authentication=None, verbose=True)
2021-11-09 18:23:39,203:INFO:Initializing load_model()
2021-11-09 18:23:39,203:INFO:load_model(model_name=model, platform=None, authentication=None, verbose=True)
2021-11-09 18:23:40,336:INFO:Initializing load_model()
2021-11-09 18:23:40,337:INFO:load_model(model_name=model, platform=None, authentication=None, verbose=True)
2021-11-09 18:23:40,739:INFO:Initializing load_model()
2021-11-09 18:23:40,745:INFO:load_model(model_name=model, platform=None, authentication=None, verbose=True)
2021-11-09 18:23:43,258:INFO:Initializing load_model()
2021-11-09 18:23:43,259:INFO:load_model(model_name=model, platform=None, authentication=None, verbose=True)
2021-11-09 18:23:43,451:INFO:Initializing predict_model()
2021-11-09 18:23:43,452:INFO:predict_model(estimator=Pipeline(steps=[('dtypes',
                 DataTypes_Auto_infer(ml_usecase='classification',
                                      numerical_features=['yearsAtCompany'],
                                      target='turnover')),
                ('imputer',
                 Simple_Imputer(categorical_strategy='not_available',
                                fill_value_categorical=None,
                                fill_value_numerical=None,
                                numeric_strategy='mean',
                                target_variable=None)),
                ('new_levels1',
                 New_Catagorical_Levels_in_TestData(rep...
                ('rem_outliers', 'passthrough'), ('cluster_all', 'passthrough'),
                ('dummy', Dummify(target='turnover')),
                ('fix_perfect', Remove_100(target='turnover')),
                ('clean_names', Clean_Colum_Names()),
                ('feature_select', 'passthrough'), ('fix_multi', 'passthrough'),
                ('dfs', 'passthrough'), ('pca', 'passthrough'),
                ['trained_model',
                 GradientBoostingClassifier(random_state=4510)]]), probability_threshold=None, encoded_labels=False, raw_score=False, round=4, verbose=True, ml_usecase=MLUsecase.CLASSIFICATION, display=None)
2021-11-09 18:23:43,453:INFO:Checking exceptions
2021-11-09 18:23:43,454:INFO:Preloading libraries
2021-11-09 18:24:09,044:INFO:Initializing load_model()
2021-11-09 18:24:09,044:INFO:load_model(model_name=model, platform=None, authentication=None, verbose=True)
2021-11-09 18:24:18,261:INFO:Initializing load_model()
2021-11-09 18:24:18,261:INFO:load_model(model_name=model, platform=None, authentication=None, verbose=True)
2021-11-09 18:24:24,870:INFO:Initializing load_model()
2021-11-09 18:24:24,870:INFO:load_model(model_name=model, platform=None, authentication=None, verbose=True)
2021-11-09 18:24:26,004:INFO:Initializing load_model()
2021-11-09 18:24:26,004:INFO:load_model(model_name=model, platform=None, authentication=None, verbose=True)
2021-11-09 18:24:26,175:INFO:Initializing predict_model()
2021-11-09 18:24:26,176:INFO:predict_model(estimator=Pipeline(steps=[('dtypes',
                 DataTypes_Auto_infer(ml_usecase='classification',
                                      numerical_features=['yearsAtCompany'],
                                      target='turnover')),
                ('imputer',
                 Simple_Imputer(categorical_strategy='not_available',
                                fill_value_categorical=None,
                                fill_value_numerical=None,
                                numeric_strategy='mean',
                                target_variable=None)),
                ('new_levels1',
                 New_Catagorical_Levels_in_TestData(rep...
                ('rem_outliers', 'passthrough'), ('cluster_all', 'passthrough'),
                ('dummy', Dummify(target='turnover')),
                ('fix_perfect', Remove_100(target='turnover')),
                ('clean_names', Clean_Colum_Names()),
                ('feature_select', 'passthrough'), ('fix_multi', 'passthrough'),
                ('dfs', 'passthrough'), ('pca', 'passthrough'),
                ['trained_model',
                 GradientBoostingClassifier(random_state=4510)]]), probability_threshold=None, encoded_labels=False, raw_score=False, round=4, verbose=True, ml_usecase=MLUsecase.CLASSIFICATION, display=None)
2021-11-09 18:24:26,182:INFO:Checking exceptions
2021-11-09 18:24:26,182:INFO:Preloading libraries
2021-11-09 18:39:26,569:INFO:Initializing load_model()
2021-11-09 18:39:26,569:INFO:load_model(model_name=model, platform=None, authentication=None, verbose=True)
2021-11-09 18:39:51,356:INFO:Initializing load_model()
2021-11-09 18:39:51,357:INFO:load_model(model_name=model, platform=None, authentication=None, verbose=True)
2021-11-09 18:39:51,720:INFO:Initializing load_model()
2021-11-09 18:39:51,721:INFO:load_model(model_name=model, platform=None, authentication=None, verbose=True)
2021-11-09 18:39:54,802:INFO:Initializing load_model()
2021-11-09 18:39:54,802:INFO:load_model(model_name=model, platform=None, authentication=None, verbose=True)
2021-11-09 18:39:55,269:INFO:Initializing load_model()
2021-11-09 18:39:55,274:INFO:load_model(model_name=model, platform=None, authentication=None, verbose=True)
2021-11-09 18:39:59,286:INFO:Initializing load_model()
2021-11-09 18:39:59,286:INFO:load_model(model_name=model, platform=None, authentication=None, verbose=True)
2021-11-09 18:40:16,176:INFO:Initializing load_model()
2021-11-09 18:40:16,176:INFO:load_model(model_name=model, platform=None, authentication=None, verbose=True)
2021-11-09 18:40:24,485:INFO:Initializing load_model()
2021-11-09 18:40:24,485:INFO:load_model(model_name=model, platform=None, authentication=None, verbose=True)
2021-11-09 18:40:27,720:INFO:Initializing load_model()
2021-11-09 18:40:27,722:INFO:load_model(model_name=model, platform=None, authentication=None, verbose=True)
2021-11-09 18:40:28,035:INFO:Initializing predict_model()
2021-11-09 18:40:28,035:INFO:predict_model(estimator=Pipeline(steps=[('dtypes',
                 DataTypes_Auto_infer(ml_usecase='classification',
                                      numerical_features=['yearsAtCompany'],
                                      target='turnover')),
                ('imputer',
                 Simple_Imputer(categorical_strategy='not_available',
                                fill_value_categorical=None,
                                fill_value_numerical=None,
                                numeric_strategy='mean',
                                target_variable=None)),
                ('new_levels1',
                 New_Catagorical_Levels_in_TestData(rep...
                ('rem_outliers', 'passthrough'), ('cluster_all', 'passthrough'),
                ('dummy', Dummify(target='turnover')),
                ('fix_perfect', Remove_100(target='turnover')),
                ('clean_names', Clean_Colum_Names()),
                ('feature_select', 'passthrough'), ('fix_multi', 'passthrough'),
                ('dfs', 'passthrough'), ('pca', 'passthrough'),
                ['trained_model',
                 GradientBoostingClassifier(random_state=4510)]]), probability_threshold=None, encoded_labels=False, raw_score=False, round=4, verbose=True, ml_usecase=MLUsecase.CLASSIFICATION, display=None)
2021-11-09 18:40:28,038:INFO:Checking exceptions
2021-11-09 18:40:28,039:INFO:Preloading libraries
2021-11-09 18:41:16,854:INFO:Initializing load_model()
2021-11-09 18:41:16,854:INFO:load_model(model_name=model, platform=None, authentication=None, verbose=True)
2021-11-09 18:41:22,208:INFO:Initializing load_model()
2021-11-09 18:41:22,208:INFO:load_model(model_name=model, platform=None, authentication=None, verbose=True)
2021-11-09 18:41:26,187:INFO:Initializing load_model()
2021-11-09 18:41:26,187:INFO:load_model(model_name=model, platform=None, authentication=None, verbose=True)
2021-11-09 18:41:27,076:INFO:Initializing load_model()
2021-11-09 18:41:27,077:INFO:load_model(model_name=model, platform=None, authentication=None, verbose=True)
2021-11-09 18:41:27,415:INFO:Initializing predict_model()
2021-11-09 18:41:27,415:INFO:predict_model(estimator=Pipeline(steps=[('dtypes',
                 DataTypes_Auto_infer(ml_usecase='classification',
                                      numerical_features=['yearsAtCompany'],
                                      target='turnover')),
                ('imputer',
                 Simple_Imputer(categorical_strategy='not_available',
                                fill_value_categorical=None,
                                fill_value_numerical=None,
                                numeric_strategy='mean',
                                target_variable=None)),
                ('new_levels1',
                 New_Catagorical_Levels_in_TestData(rep...
                ('rem_outliers', 'passthrough'), ('cluster_all', 'passthrough'),
                ('dummy', Dummify(target='turnover')),
                ('fix_perfect', Remove_100(target='turnover')),
                ('clean_names', Clean_Colum_Names()),
                ('feature_select', 'passthrough'), ('fix_multi', 'passthrough'),
                ('dfs', 'passthrough'), ('pca', 'passthrough'),
                ['trained_model',
                 GradientBoostingClassifier(random_state=4510)]]), probability_threshold=None, encoded_labels=False, raw_score=False, round=4, verbose=True, ml_usecase=MLUsecase.CLASSIFICATION, display=None)
2021-11-09 18:41:27,424:INFO:Checking exceptions
2021-11-09 18:41:27,424:INFO:Preloading libraries
2022-02-07 09:46:18,269:INFO:Initializing load_model()
2022-02-07 09:46:18,269:INFO:load_model(model_name=model, platform=None, authentication=None, verbose=True)
2022-02-07 09:57:41,029:INFO:Initializing load_model()
2022-02-07 09:57:41,029:INFO:load_model(model_name=model, platform=None, authentication=None, verbose=True)
2022-02-07 09:57:46,709:INFO:Initializing load_model()
2022-02-07 09:57:46,709:INFO:load_model(model_name=model, platform=None, authentication=None, verbose=True)
2022-02-07 09:57:47,340:INFO:Initializing load_model()
2022-02-07 09:57:47,340:INFO:load_model(model_name=model, platform=None, authentication=None, verbose=True)
2022-02-07 09:57:47,856:INFO:Initializing load_model()
2022-02-07 09:57:47,856:INFO:load_model(model_name=model, platform=None, authentication=None, verbose=True)
2022-02-07 09:57:49,220:INFO:Initializing load_model()
2022-02-07 09:57:49,220:INFO:load_model(model_name=model, platform=None, authentication=None, verbose=True)
2022-02-07 09:57:49,945:INFO:Initializing load_model()
2022-02-07 09:57:49,945:INFO:load_model(model_name=model, platform=None, authentication=None, verbose=True)
2022-02-07 09:57:56,842:INFO:Initializing load_model()
2022-02-07 09:57:56,842:INFO:load_model(model_name=model, platform=None, authentication=None, verbose=True)
2022-02-07 09:57:57,329:INFO:Initializing load_model()
2022-02-07 09:57:57,329:INFO:load_model(model_name=model, platform=None, authentication=None, verbose=True)
2022-02-07 09:57:58,998:INFO:Initializing load_model()
2022-02-07 09:57:58,998:INFO:load_model(model_name=model, platform=None, authentication=None, verbose=True)
2022-02-07 09:57:59,485:INFO:Initializing load_model()
2022-02-07 09:57:59,485:INFO:load_model(model_name=model, platform=None, authentication=None, verbose=True)
2022-02-07 09:58:00,833:INFO:Initializing load_model()
2022-02-07 09:58:00,833:INFO:load_model(model_name=model, platform=None, authentication=None, verbose=True)
2022-02-07 09:58:01,241:INFO:Initializing load_model()
2022-02-07 09:58:01,241:INFO:load_model(model_name=model, platform=None, authentication=None, verbose=True)
2022-02-07 10:14:28,822:INFO:Initializing load_model()
2022-02-07 10:14:28,822:INFO:load_model(model_name=model, platform=None, authentication=None, verbose=True)
2022-02-07 10:17:08,891:INFO:Initializing load_model()
2022-02-07 10:17:08,891:INFO:load_model(model_name=model, platform=None, authentication=None, verbose=True)
2022-02-07 10:17:08,960:INFO:Initializing predict_model()
2022-02-07 10:17:08,960:INFO:predict_model(estimator=Pipeline(steps=[('dtypes',
                 DataTypes_Auto_infer(ml_usecase='classification',
                                      numerical_features=['yearsAtCompany'],
                                      target='turnover')),
                ('imputer',
                 Simple_Imputer(categorical_strategy='not_available',
                                fill_value_categorical=None,
                                fill_value_numerical=None,
                                numeric_strategy='mean',
                                target_variable=None)),
                ('new_levels1',
                 New_Catagorical_Levels_in_TestData(rep...
                ('rem_outliers', 'passthrough'), ('cluster_all', 'passthrough'),
                ('dummy', Dummify(target='turnover')),
                ('fix_perfect', Remove_100(target='turnover')),
                ('clean_names', Clean_Colum_Names()),
                ('feature_select', 'passthrough'), ('fix_multi', 'passthrough'),
                ('dfs', 'passthrough'), ('pca', 'passthrough'),
                ['trained_model',
                 GradientBoostingClassifier(random_state=4510)]]), probability_threshold=None, encoded_labels=False, drift_report=False, raw_score=False, round=4, verbose=True, ml_usecase=MLUsecase.CLASSIFICATION, display=None)
2022-02-07 10:17:08,973:INFO:Checking exceptions
2022-02-07 10:17:08,974:INFO:Preloading libraries
2022-02-07 10:17:22,407:INFO:Initializing load_model()
2022-02-07 10:17:22,407:INFO:load_model(model_name=model, platform=None, authentication=None, verbose=True)
2022-02-07 10:17:22,847:INFO:Initializing load_model()
2022-02-07 10:17:22,847:INFO:load_model(model_name=model, platform=None, authentication=None, verbose=True)
2022-02-07 10:17:23,271:INFO:Initializing load_model()
2022-02-07 10:17:23,271:INFO:load_model(model_name=model, platform=None, authentication=None, verbose=True)
2022-02-07 10:17:23,695:INFO:Initializing load_model()
2022-02-07 10:17:23,695:INFO:load_model(model_name=model, platform=None, authentication=None, verbose=True)
2022-02-07 10:17:24,118:INFO:Initializing load_model()
2022-02-07 10:17:24,118:INFO:load_model(model_name=model, platform=None, authentication=None, verbose=True)
2022-02-07 10:17:24,511:INFO:Initializing load_model()
2022-02-07 10:17:24,511:INFO:load_model(model_name=model, platform=None, authentication=None, verbose=True)
2022-02-07 10:17:25,201:INFO:Initializing load_model()
2022-02-07 10:17:25,201:INFO:load_model(model_name=model, platform=None, authentication=None, verbose=True)
2022-02-07 10:17:25,625:INFO:Initializing load_model()
2022-02-07 10:17:25,625:INFO:load_model(model_name=model, platform=None, authentication=None, verbose=True)
2022-02-07 10:17:26,761:INFO:Initializing load_model()
2022-02-07 10:17:26,761:INFO:load_model(model_name=model, platform=None, authentication=None, verbose=True)
2022-02-07 10:17:26,824:INFO:Initializing predict_model()
2022-02-07 10:17:26,824:INFO:predict_model(estimator=Pipeline(steps=[('dtypes',
                 DataTypes_Auto_infer(ml_usecase='classification',
                                      numerical_features=['yearsAtCompany'],
                                      target='turnover')),
                ('imputer',
                 Simple_Imputer(categorical_strategy='not_available',
                                fill_value_categorical=None,
                                fill_value_numerical=None,
                                numeric_strategy='mean',
                                target_variable=None)),
                ('new_levels1',
                 New_Catagorical_Levels_in_TestData(rep...
                ('rem_outliers', 'passthrough'), ('cluster_all', 'passthrough'),
                ('dummy', Dummify(target='turnover')),
                ('fix_perfect', Remove_100(target='turnover')),
                ('clean_names', Clean_Colum_Names()),
                ('feature_select', 'passthrough'), ('fix_multi', 'passthrough'),
                ('dfs', 'passthrough'), ('pca', 'passthrough'),
                ['trained_model',
                 GradientBoostingClassifier(random_state=4510)]]), probability_threshold=None, encoded_labels=False, drift_report=False, raw_score=False, round=4, verbose=True, ml_usecase=MLUsecase.CLASSIFICATION, display=None)
2022-02-07 10:17:26,824:INFO:Checking exceptions
2022-02-07 10:17:26,824:INFO:Preloading libraries
2022-02-07 10:17:56,727:INFO:Initializing load_model()
2022-02-07 10:17:56,727:INFO:load_model(model_name=model, platform=None, authentication=None, verbose=True)
2022-02-07 10:17:57,362:INFO:Initializing load_model()
2022-02-07 10:17:57,362:INFO:load_model(model_name=model, platform=None, authentication=None, verbose=True)
2022-02-07 10:24:14,467:INFO:Initializing load_model()
2022-02-07 10:24:14,467:INFO:load_model(model_name=model, platform=None, authentication=None, verbose=True)
2022-02-07 10:24:14,529:INFO:Initializing predict_model()
2022-02-07 10:24:14,529:INFO:predict_model(estimator=Pipeline(steps=[('dtypes',
                 DataTypes_Auto_infer(ml_usecase='classification',
                                      numerical_features=['yearsAtCompany'],
                                      target='turnover')),
                ('imputer',
                 Simple_Imputer(categorical_strategy='not_available',
                                fill_value_categorical=None,
                                fill_value_numerical=None,
                                numeric_strategy='mean',
                                target_variable=None)),
                ('new_levels1',
                 New_Catagorical_Levels_in_TestData(rep...
                ('rem_outliers', 'passthrough'), ('cluster_all', 'passthrough'),
                ('dummy', Dummify(target='turnover')),
                ('fix_perfect', Remove_100(target='turnover')),
                ('clean_names', Clean_Colum_Names()),
                ('feature_select', 'passthrough'), ('fix_multi', 'passthrough'),
                ('dfs', 'passthrough'), ('pca', 'passthrough'),
                ['trained_model',
                 GradientBoostingClassifier(random_state=4510)]]), probability_threshold=None, encoded_labels=False, drift_report=False, raw_score=False, round=4, verbose=True, ml_usecase=MLUsecase.CLASSIFICATION, display=None)
2022-02-07 10:24:14,529:INFO:Checking exceptions
2022-02-07 10:24:14,529:INFO:Preloading libraries
2022-02-07 10:24:33,660:INFO:Initializing load_model()
2022-02-07 10:24:33,660:INFO:load_model(model_name=model, platform=None, authentication=None, verbose=True)
2022-02-07 10:24:34,304:INFO:Initializing load_model()
2022-02-07 10:24:34,304:INFO:load_model(model_name=model, platform=None, authentication=None, verbose=True)
2022-02-07 12:36:09,456:INFO:Initializing load_model()
2022-02-07 12:36:09,456:INFO:load_model(model_name=model, platform=None, authentication=None, verbose=True)
2022-02-07 12:36:09,535:INFO:Initializing predict_model()
2022-02-07 12:36:09,535:INFO:predict_model(estimator=Pipeline(steps=[('dtypes',
                 DataTypes_Auto_infer(ml_usecase='classification',
                                      numerical_features=['yearsAtCompany'],
                                      target='turnover')),
                ('imputer',
                 Simple_Imputer(categorical_strategy='not_available',
                                fill_value_categorical=None,
                                fill_value_numerical=None,
                                numeric_strategy='mean',
                                target_variable=None)),
                ('new_levels1',
                 New_Catagorical_Levels_in_TestData(rep...
                ('rem_outliers', 'passthrough'), ('cluster_all', 'passthrough'),
                ('dummy', Dummify(target='turnover')),
                ('fix_perfect', Remove_100(target='turnover')),
                ('clean_names', Clean_Colum_Names()),
                ('feature_select', 'passthrough'), ('fix_multi', 'passthrough'),
                ('dfs', 'passthrough'), ('pca', 'passthrough'),
                ['trained_model',
                 GradientBoostingClassifier(random_state=4510)]]), probability_threshold=None, encoded_labels=False, drift_report=False, raw_score=False, round=4, verbose=True, ml_usecase=MLUsecase.CLASSIFICATION, display=None)
2022-02-07 12:36:09,535:INFO:Checking exceptions
2022-02-07 12:36:09,535:INFO:Preloading libraries
2022-02-07 12:36:43,508:INFO:Initializing load_model()
2022-02-07 12:36:43,508:INFO:load_model(model_name=model, platform=None, authentication=None, verbose=True)
2022-02-07 12:36:44,151:INFO:Initializing load_model()
2022-02-07 12:36:44,151:INFO:load_model(model_name=model, platform=None, authentication=None, verbose=True)
2022-02-07 12:37:13,665:INFO:Initializing load_model()
2022-02-07 12:37:13,665:INFO:load_model(model_name=model, platform=None, authentication=None, verbose=True)
2022-02-07 12:37:14,166:INFO:Initializing load_model()
2022-02-07 12:37:14,166:INFO:load_model(model_name=model, platform=None, authentication=None, verbose=True)
2022-02-07 13:07:04,796:INFO:Initializing load_model()
2022-02-07 13:07:04,796:INFO:load_model(model_name=model, platform=None, authentication=None, verbose=True)
2022-02-07 13:16:06,601:INFO:Initializing load_model()
2022-02-07 13:16:06,601:INFO:load_model(model_name=model, platform=None, authentication=None, verbose=True)
2022-02-07 13:17:10,474:INFO:Initializing load_model()
2022-02-07 13:17:10,474:INFO:load_model(model_name=model, platform=None, authentication=None, verbose=True)
2022-02-07 13:21:14,349:INFO:Initializing load_model()
2022-02-07 13:21:14,349:INFO:load_model(model_name=model, platform=None, authentication=None, verbose=True)
2022-02-07 13:22:44,324:INFO:Initializing load_model()
2022-02-07 13:22:44,324:INFO:load_model(model_name=model, platform=None, authentication=None, verbose=True)
2022-02-07 13:24:05,438:INFO:Initializing load_model()
2022-02-07 13:24:05,438:INFO:load_model(model_name=model, platform=None, authentication=None, verbose=True)
2022-02-07 13:27:05,678:INFO:Initializing load_model()
2022-02-07 13:27:05,678:INFO:load_model(model_name=model, platform=None, authentication=None, verbose=True)
2022-02-07 13:27:16,361:INFO:Initializing load_model()
2022-02-07 13:27:16,361:INFO:load_model(model_name=model, platform=None, authentication=None, verbose=True)
2022-02-07 13:27:16,424:INFO:Initializing predict_model()
2022-02-07 13:27:16,424:INFO:predict_model(estimator=Pipeline(steps=[('dtypes',
                 DataTypes_Auto_infer(ml_usecase='classification',
                                      numerical_features=['yearsAtCompany'],
                                      target='turnover')),
                ('imputer',
                 Simple_Imputer(categorical_strategy='not_available',
                                fill_value_categorical=None,
                                fill_value_numerical=None,
                                numeric_strategy='mean',
                                target_variable=None)),
                ('new_levels1',
                 New_Catagorical_Levels_in_TestData(rep...
                ('rem_outliers', 'passthrough'), ('cluster_all', 'passthrough'),
                ('dummy', Dummify(target='turnover')),
                ('fix_perfect', Remove_100(target='turnover')),
                ('clean_names', Clean_Colum_Names()),
                ('feature_select', 'passthrough'), ('fix_multi', 'passthrough'),
                ('dfs', 'passthrough'), ('pca', 'passthrough'),
                ['trained_model',
                 GradientBoostingClassifier(random_state=4510)]]), probability_threshold=None, encoded_labels=False, drift_report=False, raw_score=False, round=4, verbose=True, ml_usecase=MLUsecase.CLASSIFICATION, display=None)
2022-02-07 13:27:16,424:INFO:Checking exceptions
2022-02-07 13:27:16,424:INFO:Preloading libraries
2022-02-07 13:27:43,848:INFO:Initializing load_model()
2022-02-07 13:27:43,848:INFO:load_model(model_name=model, platform=None, authentication=None, verbose=True)
2022-02-07 13:27:50,166:INFO:Initializing load_model()
2022-02-07 13:27:50,166:INFO:load_model(model_name=model, platform=None, authentication=None, verbose=True)
2022-02-07 13:27:50,232:INFO:Initializing predict_model()
2022-02-07 13:27:50,232:INFO:predict_model(estimator=Pipeline(steps=[('dtypes',
                 DataTypes_Auto_infer(ml_usecase='classification',
                                      numerical_features=['yearsAtCompany'],
                                      target='turnover')),
                ('imputer',
                 Simple_Imputer(categorical_strategy='not_available',
                                fill_value_categorical=None,
                                fill_value_numerical=None,
                                numeric_strategy='mean',
                                target_variable=None)),
                ('new_levels1',
                 New_Catagorical_Levels_in_TestData(rep...
                ('rem_outliers', 'passthrough'), ('cluster_all', 'passthrough'),
                ('dummy', Dummify(target='turnover')),
                ('fix_perfect', Remove_100(target='turnover')),
                ('clean_names', Clean_Colum_Names()),
                ('feature_select', 'passthrough'), ('fix_multi', 'passthrough'),
                ('dfs', 'passthrough'), ('pca', 'passthrough'),
                ['trained_model',
                 GradientBoostingClassifier(random_state=4510)]]), probability_threshold=None, encoded_labels=False, drift_report=False, raw_score=False, round=4, verbose=True, ml_usecase=MLUsecase.CLASSIFICATION, display=None)
2022-02-07 13:27:50,243:INFO:Checking exceptions
2022-02-07 13:27:50,243:INFO:Preloading libraries
2022-02-07 13:28:35,161:INFO:Initializing load_model()
2022-02-07 13:28:35,161:INFO:load_model(model_name=model, platform=None, authentication=None, verbose=True)
2022-02-07 13:28:40,485:INFO:Initializing load_model()
2022-02-07 13:28:40,485:INFO:load_model(model_name=model, platform=None, authentication=None, verbose=True)
2022-02-07 13:28:40,549:INFO:Initializing predict_model()
2022-02-07 13:28:40,549:INFO:predict_model(estimator=Pipeline(steps=[('dtypes',
                 DataTypes_Auto_infer(ml_usecase='classification',
                                      numerical_features=['yearsAtCompany'],
                                      target='turnover')),
                ('imputer',
                 Simple_Imputer(categorical_strategy='not_available',
                                fill_value_categorical=None,
                                fill_value_numerical=None,
                                numeric_strategy='mean',
                                target_variable=None)),
                ('new_levels1',
                 New_Catagorical_Levels_in_TestData(rep...
                ('rem_outliers', 'passthrough'), ('cluster_all', 'passthrough'),
                ('dummy', Dummify(target='turnover')),
                ('fix_perfect', Remove_100(target='turnover')),
                ('clean_names', Clean_Colum_Names()),
                ('feature_select', 'passthrough'), ('fix_multi', 'passthrough'),
                ('dfs', 'passthrough'), ('pca', 'passthrough'),
                ['trained_model',
                 GradientBoostingClassifier(random_state=4510)]]), probability_threshold=None, encoded_labels=False, drift_report=False, raw_score=False, round=4, verbose=True, ml_usecase=MLUsecase.CLASSIFICATION, display=None)
2022-02-07 13:28:40,560:INFO:Checking exceptions
2022-02-07 13:28:40,560:INFO:Preloading libraries
2022-02-07 13:34:37,689:INFO:Initializing load_model()
2022-02-07 13:34:37,689:INFO:load_model(model_name=model, platform=None, authentication=None, verbose=True)
2022-02-07 13:34:38,827:INFO:Initializing load_model()
2022-02-07 13:34:38,828:INFO:load_model(model_name=model, platform=None, authentication=None, verbose=True)
2022-02-07 13:34:39,782:INFO:Initializing load_model()
2022-02-07 13:34:39,798:INFO:load_model(model_name=model, platform=None, authentication=None, verbose=True)
2022-02-07 13:34:40,378:INFO:Initializing load_model()
2022-02-07 13:34:40,378:INFO:load_model(model_name=model, platform=None, authentication=None, verbose=True)
2022-02-07 13:34:41,368:INFO:Initializing load_model()
2022-02-07 13:34:41,368:INFO:load_model(model_name=model, platform=None, authentication=None, verbose=True)
2022-02-07 13:34:41,808:INFO:Initializing load_model()
2022-02-07 13:34:41,808:INFO:load_model(model_name=model, platform=None, authentication=None, verbose=True)
2022-02-07 13:34:42,279:INFO:Initializing load_model()
2022-02-07 13:34:42,279:INFO:load_model(model_name=model, platform=None, authentication=None, verbose=True)
2022-02-07 13:34:42,750:INFO:Initializing load_model()
2022-02-07 13:34:42,750:INFO:load_model(model_name=model, platform=None, authentication=None, verbose=True)
2022-02-07 13:34:44,232:INFO:Initializing load_model()
2022-02-07 13:34:44,232:INFO:load_model(model_name=model, platform=None, authentication=None, verbose=True)
2022-02-07 13:34:44,295:INFO:Initializing predict_model()
2022-02-07 13:34:44,295:INFO:predict_model(estimator=Pipeline(steps=[('dtypes',
                 DataTypes_Auto_infer(ml_usecase='classification',
                                      numerical_features=['yearsAtCompany'],
                                      target='turnover')),
                ('imputer',
                 Simple_Imputer(categorical_strategy='not_available',
                                fill_value_categorical=None,
                                fill_value_numerical=None,
                                numeric_strategy='mean',
                                target_variable=None)),
                ('new_levels1',
                 New_Catagorical_Levels_in_TestData(rep...
                ('rem_outliers', 'passthrough'), ('cluster_all', 'passthrough'),
                ('dummy', Dummify(target='turnover')),
                ('fix_perfect', Remove_100(target='turnover')),
                ('clean_names', Clean_Colum_Names()),
                ('feature_select', 'passthrough'), ('fix_multi', 'passthrough'),
                ('dfs', 'passthrough'), ('pca', 'passthrough'),
                ['trained_model',
                 GradientBoostingClassifier(random_state=4510)]]), probability_threshold=None, encoded_labels=False, drift_report=False, raw_score=False, round=4, verbose=True, ml_usecase=MLUsecase.CLASSIFICATION, display=None)
2022-02-07 13:34:44,295:INFO:Checking exceptions
2022-02-07 13:34:44,295:INFO:Preloading libraries
2022-02-07 13:35:13,114:INFO:Initializing load_model()
2022-02-07 13:35:13,114:INFO:load_model(model_name=model, platform=None, authentication=None, verbose=True)
2022-02-07 13:35:13,177:INFO:Initializing predict_model()
2022-02-07 13:35:13,177:INFO:predict_model(estimator=Pipeline(steps=[('dtypes',
                 DataTypes_Auto_infer(ml_usecase='classification',
                                      numerical_features=['yearsAtCompany'],
                                      target='turnover')),
                ('imputer',
                 Simple_Imputer(categorical_strategy='not_available',
                                fill_value_categorical=None,
                                fill_value_numerical=None,
                                numeric_strategy='mean',
                                target_variable=None)),
                ('new_levels1',
                 New_Catagorical_Levels_in_TestData(rep...
                ('rem_outliers', 'passthrough'), ('cluster_all', 'passthrough'),
                ('dummy', Dummify(target='turnover')),
                ('fix_perfect', Remove_100(target='turnover')),
                ('clean_names', Clean_Colum_Names()),
                ('feature_select', 'passthrough'), ('fix_multi', 'passthrough'),
                ('dfs', 'passthrough'), ('pca', 'passthrough'),
                ['trained_model',
                 GradientBoostingClassifier(random_state=4510)]]), probability_threshold=None, encoded_labels=False, drift_report=False, raw_score=False, round=4, verbose=True, ml_usecase=MLUsecase.CLASSIFICATION, display=None)
2022-02-07 13:35:13,177:INFO:Checking exceptions
2022-02-07 13:35:13,177:INFO:Preloading libraries
2022-02-07 13:35:14,736:INFO:Initializing load_model()
2022-02-07 13:35:14,736:INFO:load_model(model_name=model, platform=None, authentication=None, verbose=True)
2022-02-07 13:35:14,799:INFO:Initializing predict_model()
2022-02-07 13:35:14,799:INFO:predict_model(estimator=Pipeline(steps=[('dtypes',
                 DataTypes_Auto_infer(ml_usecase='classification',
                                      numerical_features=['yearsAtCompany'],
                                      target='turnover')),
                ('imputer',
                 Simple_Imputer(categorical_strategy='not_available',
                                fill_value_categorical=None,
                                fill_value_numerical=None,
                                numeric_strategy='mean',
                                target_variable=None)),
                ('new_levels1',
                 New_Catagorical_Levels_in_TestData(rep...
                ('rem_outliers', 'passthrough'), ('cluster_all', 'passthrough'),
                ('dummy', Dummify(target='turnover')),
                ('fix_perfect', Remove_100(target='turnover')),
                ('clean_names', Clean_Colum_Names()),
                ('feature_select', 'passthrough'), ('fix_multi', 'passthrough'),
                ('dfs', 'passthrough'), ('pca', 'passthrough'),
                ['trained_model',
                 GradientBoostingClassifier(random_state=4510)]]), probability_threshold=None, encoded_labels=False, drift_report=False, raw_score=False, round=4, verbose=True, ml_usecase=MLUsecase.CLASSIFICATION, display=None)
2022-02-07 13:35:14,814:INFO:Checking exceptions
2022-02-07 13:35:14,814:INFO:Preloading libraries
2022-02-07 13:35:18,130:INFO:Initializing load_model()
2022-02-07 13:35:18,130:INFO:load_model(model_name=model, platform=None, authentication=None, verbose=True)
2022-02-07 13:35:18,774:INFO:Initializing load_model()
2022-02-07 13:35:18,774:INFO:load_model(model_name=model, platform=None, authentication=None, verbose=True)
2022-02-07 13:35:26,937:INFO:Initializing load_model()
2022-02-07 13:35:26,937:INFO:load_model(model_name=model, platform=None, authentication=None, verbose=True)
2022-02-07 13:35:27,000:INFO:Initializing predict_model()
2022-02-07 13:35:27,000:INFO:predict_model(estimator=Pipeline(steps=[('dtypes',
                 DataTypes_Auto_infer(ml_usecase='classification',
                                      numerical_features=['yearsAtCompany'],
                                      target='turnover')),
                ('imputer',
                 Simple_Imputer(categorical_strategy='not_available',
                                fill_value_categorical=None,
                                fill_value_numerical=None,
                                numeric_strategy='mean',
                                target_variable=None)),
                ('new_levels1',
                 New_Catagorical_Levels_in_TestData(rep...
                ('rem_outliers', 'passthrough'), ('cluster_all', 'passthrough'),
                ('dummy', Dummify(target='turnover')),
                ('fix_perfect', Remove_100(target='turnover')),
                ('clean_names', Clean_Colum_Names()),
                ('feature_select', 'passthrough'), ('fix_multi', 'passthrough'),
                ('dfs', 'passthrough'), ('pca', 'passthrough'),
                ['trained_model',
                 GradientBoostingClassifier(random_state=4510)]]), probability_threshold=None, encoded_labels=False, drift_report=False, raw_score=False, round=4, verbose=True, ml_usecase=MLUsecase.CLASSIFICATION, display=None)
2022-02-07 13:35:27,000:INFO:Checking exceptions
2022-02-07 13:35:27,000:INFO:Preloading libraries
2022-02-08 11:06:32,891:INFO:Initializing load_model()
2022-02-08 11:06:32,891:INFO:load_model(model_name=model, platform=None, authentication=None, verbose=True)
2022-02-08 11:06:37,043:INFO:Initializing load_model()
2022-02-08 11:06:37,043:INFO:load_model(model_name=model, platform=None, authentication=None, verbose=True)
2022-02-08 11:06:37,105:INFO:Initializing predict_model()
2022-02-08 11:06:37,105:INFO:predict_model(estimator=Pipeline(steps=[('dtypes',
                 DataTypes_Auto_infer(ml_usecase='classification',
                                      numerical_features=['yearsAtCompany'],
                                      target='turnover')),
                ('imputer',
                 Simple_Imputer(categorical_strategy='not_available',
                                fill_value_categorical=None,
                                fill_value_numerical=None,
                                numeric_strategy='mean',
                                target_variable=None)),
                ('new_levels1',
                 New_Catagorical_Levels_in_TestData(rep...
                ('rem_outliers', 'passthrough'), ('cluster_all', 'passthrough'),
                ('dummy', Dummify(target='turnover')),
                ('fix_perfect', Remove_100(target='turnover')),
                ('clean_names', Clean_Colum_Names()),
                ('feature_select', 'passthrough'), ('fix_multi', 'passthrough'),
                ('dfs', 'passthrough'), ('pca', 'passthrough'),
                ['trained_model',
                 GradientBoostingClassifier(random_state=4510)]]), probability_threshold=None, encoded_labels=False, drift_report=False, raw_score=False, round=4, verbose=True, ml_usecase=MLUsecase.CLASSIFICATION, display=None)
2022-02-08 11:06:37,117:INFO:Checking exceptions
2022-02-08 11:06:37,117:INFO:Preloading libraries
2022-02-08 11:07:45,410:INFO:Initializing load_model()
2022-02-08 11:07:45,410:INFO:load_model(model_name=model, platform=None, authentication=None, verbose=True)
2022-02-08 11:07:49,244:INFO:Initializing load_model()
2022-02-08 11:07:49,244:INFO:load_model(model_name=model, platform=None, authentication=None, verbose=True)
2022-02-08 11:07:49,307:INFO:Initializing predict_model()
2022-02-08 11:07:49,308:INFO:predict_model(estimator=Pipeline(steps=[('dtypes',
                 DataTypes_Auto_infer(ml_usecase='classification',
                                      numerical_features=['yearsAtCompany'],
                                      target='turnover')),
                ('imputer',
                 Simple_Imputer(categorical_strategy='not_available',
                                fill_value_categorical=None,
                                fill_value_numerical=None,
                                numeric_strategy='mean',
                                target_variable=None)),
                ('new_levels1',
                 New_Catagorical_Levels_in_TestData(rep...
                ('rem_outliers', 'passthrough'), ('cluster_all', 'passthrough'),
                ('dummy', Dummify(target='turnover')),
                ('fix_perfect', Remove_100(target='turnover')),
                ('clean_names', Clean_Colum_Names()),
                ('feature_select', 'passthrough'), ('fix_multi', 'passthrough'),
                ('dfs', 'passthrough'), ('pca', 'passthrough'),
                ['trained_model',
                 GradientBoostingClassifier(random_state=4510)]]), probability_threshold=None, encoded_labels=False, drift_report=False, raw_score=False, round=4, verbose=True, ml_usecase=MLUsecase.CLASSIFICATION, display=None)
2022-02-08 11:07:49,310:INFO:Checking exceptions
2022-02-08 11:07:49,310:INFO:Preloading libraries
2022-02-08 11:08:07,082:INFO:Initializing load_model()
2022-02-08 11:08:07,082:INFO:load_model(model_name=model, platform=None, authentication=None, verbose=True)
2022-02-08 11:08:07,149:INFO:Initializing predict_model()
2022-02-08 11:08:07,149:INFO:predict_model(estimator=Pipeline(steps=[('dtypes',
                 DataTypes_Auto_infer(ml_usecase='classification',
                                      numerical_features=['yearsAtCompany'],
                                      target='turnover')),
                ('imputer',
                 Simple_Imputer(categorical_strategy='not_available',
                                fill_value_categorical=None,
                                fill_value_numerical=None,
                                numeric_strategy='mean',
                                target_variable=None)),
                ('new_levels1',
                 New_Catagorical_Levels_in_TestData(rep...
                ('rem_outliers', 'passthrough'), ('cluster_all', 'passthrough'),
                ('dummy', Dummify(target='turnover')),
                ('fix_perfect', Remove_100(target='turnover')),
                ('clean_names', Clean_Colum_Names()),
                ('feature_select', 'passthrough'), ('fix_multi', 'passthrough'),
                ('dfs', 'passthrough'), ('pca', 'passthrough'),
                ['trained_model',
                 GradientBoostingClassifier(random_state=4510)]]), probability_threshold=None, encoded_labels=False, drift_report=False, raw_score=False, round=4, verbose=True, ml_usecase=MLUsecase.CLASSIFICATION, display=None)
2022-02-08 11:08:07,149:INFO:Checking exceptions
2022-02-08 11:08:07,149:INFO:Preloading libraries
2022-02-08 11:08:08,924:INFO:Initializing load_model()
2022-02-08 11:08:08,924:INFO:load_model(model_name=model, platform=None, authentication=None, verbose=True)
2022-02-08 11:08:08,987:INFO:Initializing predict_model()
2022-02-08 11:08:08,987:INFO:predict_model(estimator=Pipeline(steps=[('dtypes',
                 DataTypes_Auto_infer(ml_usecase='classification',
                                      numerical_features=['yearsAtCompany'],
                                      target='turnover')),
                ('imputer',
                 Simple_Imputer(categorical_strategy='not_available',
                                fill_value_categorical=None,
                                fill_value_numerical=None,
                                numeric_strategy='mean',
                                target_variable=None)),
                ('new_levels1',
                 New_Catagorical_Levels_in_TestData(rep...
                ('rem_outliers', 'passthrough'), ('cluster_all', 'passthrough'),
                ('dummy', Dummify(target='turnover')),
                ('fix_perfect', Remove_100(target='turnover')),
                ('clean_names', Clean_Colum_Names()),
                ('feature_select', 'passthrough'), ('fix_multi', 'passthrough'),
                ('dfs', 'passthrough'), ('pca', 'passthrough'),
                ['trained_model',
                 GradientBoostingClassifier(random_state=4510)]]), probability_threshold=None, encoded_labels=False, drift_report=False, raw_score=False, round=4, verbose=True, ml_usecase=MLUsecase.CLASSIFICATION, display=None)
2022-02-08 11:08:08,987:INFO:Checking exceptions
2022-02-08 11:08:08,987:INFO:Preloading libraries
2022-02-08 11:10:29,886:INFO:Initializing load_model()
2022-02-08 11:10:29,886:INFO:load_model(model_name=model, platform=None, authentication=None, verbose=True)
2022-02-08 11:10:32,813:INFO:Initializing load_model()
2022-02-08 11:10:32,813:INFO:load_model(model_name=model, platform=None, authentication=None, verbose=True)
2022-02-08 11:10:32,875:INFO:Initializing predict_model()
2022-02-08 11:10:32,876:INFO:predict_model(estimator=Pipeline(steps=[('dtypes',
                 DataTypes_Auto_infer(ml_usecase='classification',
                                      numerical_features=['yearsAtCompany'],
                                      target='turnover')),
                ('imputer',
                 Simple_Imputer(categorical_strategy='not_available',
                                fill_value_categorical=None,
                                fill_value_numerical=None,
                                numeric_strategy='mean',
                                target_variable=None)),
                ('new_levels1',
                 New_Catagorical_Levels_in_TestData(rep...
                ('rem_outliers', 'passthrough'), ('cluster_all', 'passthrough'),
                ('dummy', Dummify(target='turnover')),
                ('fix_perfect', Remove_100(target='turnover')),
                ('clean_names', Clean_Colum_Names()),
                ('feature_select', 'passthrough'), ('fix_multi', 'passthrough'),
                ('dfs', 'passthrough'), ('pca', 'passthrough'),
                ['trained_model',
                 GradientBoostingClassifier(random_state=4510)]]), probability_threshold=None, encoded_labels=False, drift_report=False, raw_score=False, round=4, verbose=True, ml_usecase=MLUsecase.CLASSIFICATION, display=None)
2022-02-08 11:10:32,878:INFO:Checking exceptions
2022-02-08 11:10:32,878:INFO:Preloading libraries
2022-02-08 11:13:33,605:INFO:Initializing load_model()
2022-02-08 11:13:33,605:INFO:load_model(model_name=model, platform=None, authentication=None, verbose=True)
2022-02-08 11:13:33,778:INFO:Initializing load_model()
2022-02-08 11:13:33,778:INFO:load_model(model_name=model, platform=None, authentication=None, verbose=True)
2022-02-08 11:13:33,840:INFO:Initializing predict_model()
2022-02-08 11:13:33,840:INFO:predict_model(estimator=Pipeline(steps=[('dtypes',
                 DataTypes_Auto_infer(ml_usecase='classification',
                                      numerical_features=['yearsAtCompany'],
                                      target='turnover')),
                ('imputer',
                 Simple_Imputer(categorical_strategy='not_available',
                                fill_value_categorical=None,
                                fill_value_numerical=None,
                                numeric_strategy='mean',
                                target_variable=None)),
                ('new_levels1',
                 New_Catagorical_Levels_in_TestData(rep...
                ('rem_outliers', 'passthrough'), ('cluster_all', 'passthrough'),
                ('dummy', Dummify(target='turnover')),
                ('fix_perfect', Remove_100(target='turnover')),
                ('clean_names', Clean_Colum_Names()),
                ('feature_select', 'passthrough'), ('fix_multi', 'passthrough'),
                ('dfs', 'passthrough'), ('pca', 'passthrough'),
                ['trained_model',
                 GradientBoostingClassifier(random_state=4510)]]), probability_threshold=None, encoded_labels=False, drift_report=False, raw_score=False, round=4, verbose=True, ml_usecase=MLUsecase.CLASSIFICATION, display=None)
2022-02-08 11:13:33,840:INFO:Checking exceptions
2022-02-08 11:13:33,840:INFO:Preloading libraries
2022-02-08 11:14:34,323:INFO:Initializing load_model()
2022-02-08 11:14:34,323:INFO:load_model(model_name=model, platform=None, authentication=None, verbose=True)
2022-02-08 11:14:41,716:INFO:Initializing load_model()
2022-02-08 11:14:41,716:INFO:load_model(model_name=model, platform=None, authentication=None, verbose=True)
2022-02-08 11:14:41,778:INFO:Initializing predict_model()
2022-02-08 11:14:41,778:INFO:predict_model(estimator=Pipeline(steps=[('dtypes',
                 DataTypes_Auto_infer(ml_usecase='classification',
                                      numerical_features=['yearsAtCompany'],
                                      target='turnover')),
                ('imputer',
                 Simple_Imputer(categorical_strategy='not_available',
                                fill_value_categorical=None,
                                fill_value_numerical=None,
                                numeric_strategy='mean',
                                target_variable=None)),
                ('new_levels1',
                 New_Catagorical_Levels_in_TestData(rep...
                ('rem_outliers', 'passthrough'), ('cluster_all', 'passthrough'),
                ('dummy', Dummify(target='turnover')),
                ('fix_perfect', Remove_100(target='turnover')),
                ('clean_names', Clean_Colum_Names()),
                ('feature_select', 'passthrough'), ('fix_multi', 'passthrough'),
                ('dfs', 'passthrough'), ('pca', 'passthrough'),
                ['trained_model',
                 GradientBoostingClassifier(random_state=4510)]]), probability_threshold=None, encoded_labels=False, drift_report=False, raw_score=False, round=4, verbose=True, ml_usecase=MLUsecase.CLASSIFICATION, display=None)
2022-02-08 11:14:41,794:INFO:Checking exceptions
2022-02-08 11:14:41,794:INFO:Preloading libraries
2022-02-08 11:19:44,528:INFO:Initializing load_model()
2022-02-08 11:19:44,528:INFO:load_model(model_name=model, platform=None, authentication=None, verbose=True)
2022-02-08 11:19:44,700:INFO:Initializing load_model()
2022-02-08 11:19:44,700:INFO:load_model(model_name=model, platform=None, authentication=None, verbose=True)
2022-02-08 11:19:44,763:INFO:Initializing predict_model()
2022-02-08 11:19:44,763:INFO:predict_model(estimator=Pipeline(steps=[('dtypes',
                 DataTypes_Auto_infer(ml_usecase='classification',
                                      numerical_features=['yearsAtCompany'],
                                      target='turnover')),
                ('imputer',
                 Simple_Imputer(categorical_strategy='not_available',
                                fill_value_categorical=None,
                                fill_value_numerical=None,
                                numeric_strategy='mean',
                                target_variable=None)),
                ('new_levels1',
                 New_Catagorical_Levels_in_TestData(rep...
                ('rem_outliers', 'passthrough'), ('cluster_all', 'passthrough'),
                ('dummy', Dummify(target='turnover')),
                ('fix_perfect', Remove_100(target='turnover')),
                ('clean_names', Clean_Colum_Names()),
                ('feature_select', 'passthrough'), ('fix_multi', 'passthrough'),
                ('dfs', 'passthrough'), ('pca', 'passthrough'),
                ['trained_model',
                 GradientBoostingClassifier(random_state=4510)]]), probability_threshold=None, encoded_labels=False, drift_report=False, raw_score=False, round=4, verbose=True, ml_usecase=MLUsecase.CLASSIFICATION, display=None)
2022-02-08 11:19:44,763:INFO:Checking exceptions
2022-02-08 11:19:44,763:INFO:Preloading libraries
2022-02-08 11:19:49,133:INFO:Initializing load_model()
2022-02-08 11:19:49,133:INFO:load_model(model_name=model, platform=None, authentication=None, verbose=True)
2022-02-08 11:19:49,196:INFO:Initializing predict_model()
2022-02-08 11:19:49,196:INFO:predict_model(estimator=Pipeline(steps=[('dtypes',
                 DataTypes_Auto_infer(ml_usecase='classification',
                                      numerical_features=['yearsAtCompany'],
                                      target='turnover')),
                ('imputer',
                 Simple_Imputer(categorical_strategy='not_available',
                                fill_value_categorical=None,
                                fill_value_numerical=None,
                                numeric_strategy='mean',
                                target_variable=None)),
                ('new_levels1',
                 New_Catagorical_Levels_in_TestData(rep...
                ('rem_outliers', 'passthrough'), ('cluster_all', 'passthrough'),
                ('dummy', Dummify(target='turnover')),
                ('fix_perfect', Remove_100(target='turnover')),
                ('clean_names', Clean_Colum_Names()),
                ('feature_select', 'passthrough'), ('fix_multi', 'passthrough'),
                ('dfs', 'passthrough'), ('pca', 'passthrough'),
                ['trained_model',
                 GradientBoostingClassifier(random_state=4510)]]), probability_threshold=None, encoded_labels=False, drift_report=False, raw_score=False, round=4, verbose=True, ml_usecase=MLUsecase.CLASSIFICATION, display=None)
2022-02-08 11:19:49,196:INFO:Checking exceptions
2022-02-08 11:19:49,196:INFO:Preloading libraries
2022-02-08 11:20:03,405:INFO:Initializing load_model()
2022-02-08 11:20:03,405:INFO:load_model(model_name=model, platform=None, authentication=None, verbose=True)
2022-02-08 11:20:03,562:INFO:Initializing load_model()
2022-02-08 11:20:03,562:INFO:load_model(model_name=model, platform=None, authentication=None, verbose=True)
2022-02-08 11:20:03,625:INFO:Initializing predict_model()
2022-02-08 11:20:03,625:INFO:predict_model(estimator=Pipeline(steps=[('dtypes',
                 DataTypes_Auto_infer(ml_usecase='classification',
                                      numerical_features=['yearsAtCompany'],
                                      target='turnover')),
                ('imputer',
                 Simple_Imputer(categorical_strategy='not_available',
                                fill_value_categorical=None,
                                fill_value_numerical=None,
                                numeric_strategy='mean',
                                target_variable=None)),
                ('new_levels1',
                 New_Catagorical_Levels_in_TestData(rep...
                ('rem_outliers', 'passthrough'), ('cluster_all', 'passthrough'),
                ('dummy', Dummify(target='turnover')),
                ('fix_perfect', Remove_100(target='turnover')),
                ('clean_names', Clean_Colum_Names()),
                ('feature_select', 'passthrough'), ('fix_multi', 'passthrough'),
                ('dfs', 'passthrough'), ('pca', 'passthrough'),
                ['trained_model',
                 GradientBoostingClassifier(random_state=4510)]]), probability_threshold=None, encoded_labels=False, drift_report=False, raw_score=False, round=4, verbose=True, ml_usecase=MLUsecase.CLASSIFICATION, display=None)
2022-02-08 11:20:03,625:INFO:Checking exceptions
2022-02-08 11:20:03,625:INFO:Preloading libraries
2022-02-08 11:20:19,436:INFO:Initializing load_model()
2022-02-08 11:20:19,436:INFO:load_model(model_name=model, platform=None, authentication=None, verbose=True)
2022-02-08 11:20:19,828:INFO:Initializing load_model()
2022-02-08 11:20:19,828:INFO:load_model(model_name=model, platform=None, authentication=None, verbose=True)
2022-02-08 11:20:19,891:INFO:Initializing predict_model()
2022-02-08 11:20:19,891:INFO:predict_model(estimator=Pipeline(steps=[('dtypes',
                 DataTypes_Auto_infer(ml_usecase='classification',
                                      numerical_features=['yearsAtCompany'],
                                      target='turnover')),
                ('imputer',
                 Simple_Imputer(categorical_strategy='not_available',
                                fill_value_categorical=None,
                                fill_value_numerical=None,
                                numeric_strategy='mean',
                                target_variable=None)),
                ('new_levels1',
                 New_Catagorical_Levels_in_TestData(rep...
                ('rem_outliers', 'passthrough'), ('cluster_all', 'passthrough'),
                ('dummy', Dummify(target='turnover')),
                ('fix_perfect', Remove_100(target='turnover')),
                ('clean_names', Clean_Colum_Names()),
                ('feature_select', 'passthrough'), ('fix_multi', 'passthrough'),
                ('dfs', 'passthrough'), ('pca', 'passthrough'),
                ['trained_model',
                 GradientBoostingClassifier(random_state=4510)]]), probability_threshold=None, encoded_labels=False, drift_report=False, raw_score=False, round=4, verbose=True, ml_usecase=MLUsecase.CLASSIFICATION, display=None)
2022-02-08 11:20:19,891:INFO:Checking exceptions
2022-02-08 11:20:19,891:INFO:Preloading libraries
2022-02-08 11:20:37,397:INFO:Initializing load_model()
2022-02-08 11:20:37,397:INFO:load_model(model_name=model, platform=None, authentication=None, verbose=True)
2022-02-08 11:20:37,554:INFO:Initializing load_model()
2022-02-08 11:20:37,554:INFO:load_model(model_name=model, platform=None, authentication=None, verbose=True)
2022-02-08 11:20:37,617:INFO:Initializing predict_model()
2022-02-08 11:20:37,617:INFO:predict_model(estimator=Pipeline(steps=[('dtypes',
                 DataTypes_Auto_infer(ml_usecase='classification',
                                      numerical_features=['yearsAtCompany'],
                                      target='turnover')),
                ('imputer',
                 Simple_Imputer(categorical_strategy='not_available',
                                fill_value_categorical=None,
                                fill_value_numerical=None,
                                numeric_strategy='mean',
                                target_variable=None)),
                ('new_levels1',
                 New_Catagorical_Levels_in_TestData(rep...
                ('rem_outliers', 'passthrough'), ('cluster_all', 'passthrough'),
                ('dummy', Dummify(target='turnover')),
                ('fix_perfect', Remove_100(target='turnover')),
                ('clean_names', Clean_Colum_Names()),
                ('feature_select', 'passthrough'), ('fix_multi', 'passthrough'),
                ('dfs', 'passthrough'), ('pca', 'passthrough'),
                ['trained_model',
                 GradientBoostingClassifier(random_state=4510)]]), probability_threshold=None, encoded_labels=False, drift_report=False, raw_score=False, round=4, verbose=True, ml_usecase=MLUsecase.CLASSIFICATION, display=None)
2022-02-08 11:20:37,617:INFO:Checking exceptions
2022-02-08 11:20:37,617:INFO:Preloading libraries
2022-02-08 11:21:50,111:INFO:Initializing load_model()
2022-02-08 11:21:50,111:INFO:load_model(model_name=model, platform=None, authentication=None, verbose=True)
2022-02-08 11:21:50,776:INFO:Initializing load_model()
2022-02-08 11:21:50,776:INFO:load_model(model_name=model, platform=None, authentication=None, verbose=True)
2022-02-08 11:22:22,880:INFO:Initializing load_model()
2022-02-08 11:22:22,880:INFO:load_model(model_name=model, platform=None, authentication=None, verbose=True)
2022-02-08 11:22:22,943:INFO:Initializing predict_model()
2022-02-08 11:22:22,943:INFO:predict_model(estimator=Pipeline(steps=[('dtypes',
                 DataTypes_Auto_infer(ml_usecase='classification',
                                      numerical_features=['yearsAtCompany'],
                                      target='turnover')),
                ('imputer',
                 Simple_Imputer(categorical_strategy='not_available',
                                fill_value_categorical=None,
                                fill_value_numerical=None,
                                numeric_strategy='mean',
                                target_variable=None)),
                ('new_levels1',
                 New_Catagorical_Levels_in_TestData(rep...
                ('rem_outliers', 'passthrough'), ('cluster_all', 'passthrough'),
                ('dummy', Dummify(target='turnover')),
                ('fix_perfect', Remove_100(target='turnover')),
                ('clean_names', Clean_Colum_Names()),
                ('feature_select', 'passthrough'), ('fix_multi', 'passthrough'),
                ('dfs', 'passthrough'), ('pca', 'passthrough'),
                ['trained_model',
                 GradientBoostingClassifier(random_state=4510)]]), probability_threshold=None, encoded_labels=False, drift_report=False, raw_score=False, round=4, verbose=True, ml_usecase=MLUsecase.CLASSIFICATION, display=None)
2022-02-08 11:22:22,943:INFO:Checking exceptions
2022-02-08 11:22:22,943:INFO:Preloading libraries
2022-02-08 11:24:22,015:INFO:Initializing load_model()
2022-02-08 11:24:22,015:INFO:load_model(model_name=model, platform=None, authentication=None, verbose=True)
2022-02-08 11:24:25,405:INFO:Initializing load_model()
2022-02-08 11:24:25,405:INFO:load_model(model_name=model, platform=None, authentication=None, verbose=True)
2022-02-08 11:24:25,461:INFO:Initializing predict_model()
2022-02-08 11:24:25,461:INFO:predict_model(estimator=Pipeline(steps=[('dtypes',
                 DataTypes_Auto_infer(ml_usecase='classification',
                                      numerical_features=['yearsAtCompany'],
                                      target='turnover')),
                ('imputer',
                 Simple_Imputer(categorical_strategy='not_available',
                                fill_value_categorical=None,
                                fill_value_numerical=None,
                                numeric_strategy='mean',
                                target_variable=None)),
                ('new_levels1',
                 New_Catagorical_Levels_in_TestData(rep...
                ('rem_outliers', 'passthrough'), ('cluster_all', 'passthrough'),
                ('dummy', Dummify(target='turnover')),
                ('fix_perfect', Remove_100(target='turnover')),
                ('clean_names', Clean_Colum_Names()),
                ('feature_select', 'passthrough'), ('fix_multi', 'passthrough'),
                ('dfs', 'passthrough'), ('pca', 'passthrough'),
                ['trained_model',
                 GradientBoostingClassifier(random_state=4510)]]), probability_threshold=None, encoded_labels=False, drift_report=False, raw_score=False, round=4, verbose=True, ml_usecase=MLUsecase.CLASSIFICATION, display=None)
2022-02-08 11:24:25,474:INFO:Checking exceptions
2022-02-08 11:24:25,474:INFO:Preloading libraries
2022-02-08 11:38:29,755:INFO:Initializing load_model()
2022-02-08 11:38:29,755:INFO:load_model(model_name=model, platform=None, authentication=None, verbose=True)
2022-02-08 11:38:30,398:INFO:Initializing load_model()
2022-02-08 11:38:30,398:INFO:load_model(model_name=model, platform=None, authentication=None, verbose=True)
2022-02-08 11:38:32,414:INFO:Initializing load_model()
2022-02-08 11:38:32,414:INFO:load_model(model_name=model, platform=None, authentication=None, verbose=True)
2022-02-08 11:38:32,467:INFO:Initializing predict_model()
2022-02-08 11:38:32,467:INFO:predict_model(estimator=Pipeline(steps=[('dtypes',
                 DataTypes_Auto_infer(ml_usecase='classification',
                                      numerical_features=['yearsAtCompany'],
                                      target='turnover')),
                ('imputer',
                 Simple_Imputer(categorical_strategy='not_available',
                                fill_value_categorical=None,
                                fill_value_numerical=None,
                                numeric_strategy='mean',
                                target_variable=None)),
                ('new_levels1',
                 New_Catagorical_Levels_in_TestData(rep...
                ('rem_outliers', 'passthrough'), ('cluster_all', 'passthrough'),
                ('dummy', Dummify(target='turnover')),
                ('fix_perfect', Remove_100(target='turnover')),
                ('clean_names', Clean_Colum_Names()),
                ('feature_select', 'passthrough'), ('fix_multi', 'passthrough'),
                ('dfs', 'passthrough'), ('pca', 'passthrough'),
                ['trained_model',
                 GradientBoostingClassifier(random_state=4510)]]), probability_threshold=None, encoded_labels=False, drift_report=False, raw_score=False, round=4, verbose=True, ml_usecase=MLUsecase.CLASSIFICATION, display=None)
2022-02-08 11:38:32,478:INFO:Checking exceptions
2022-02-08 11:38:32,478:INFO:Preloading libraries
2022-02-08 13:01:16,016:INFO:Initializing load_model()
2022-02-08 13:01:16,016:INFO:load_model(model_name=model, platform=None, authentication=None, verbose=True)
2022-02-08 13:01:16,094:INFO:Initializing predict_model()
2022-02-08 13:01:16,094:INFO:predict_model(estimator=Pipeline(steps=[('dtypes',
                 DataTypes_Auto_infer(ml_usecase='classification',
                                      numerical_features=['yearsAtCompany'],
                                      target='turnover')),
                ('imputer',
                 Simple_Imputer(categorical_strategy='not_available',
                                fill_value_categorical=None,
                                fill_value_numerical=None,
                                numeric_strategy='mean',
                                target_variable=None)),
                ('new_levels1',
                 New_Catagorical_Levels_in_TestData(rep...
                ('rem_outliers', 'passthrough'), ('cluster_all', 'passthrough'),
                ('dummy', Dummify(target='turnover')),
                ('fix_perfect', Remove_100(target='turnover')),
                ('clean_names', Clean_Colum_Names()),
                ('feature_select', 'passthrough'), ('fix_multi', 'passthrough'),
                ('dfs', 'passthrough'), ('pca', 'passthrough'),
                ['trained_model',
                 GradientBoostingClassifier(random_state=4510)]]), probability_threshold=None, encoded_labels=False, drift_report=False, raw_score=False, round=4, verbose=True, ml_usecase=MLUsecase.CLASSIFICATION, display=None)
2022-02-08 13:01:16,094:INFO:Checking exceptions
2022-02-08 13:01:16,094:INFO:Preloading libraries
2022-02-08 13:01:19,477:INFO:Initializing load_model()
2022-02-08 13:01:19,477:INFO:load_model(model_name=model, platform=None, authentication=None, verbose=True)
2022-02-08 13:01:20,121:INFO:Initializing load_model()
2022-02-08 13:01:20,121:INFO:load_model(model_name=model, platform=None, authentication=None, verbose=True)
2022-02-08 13:01:22,776:INFO:Initializing load_model()
2022-02-08 13:01:22,776:INFO:load_model(model_name=model, platform=None, authentication=None, verbose=True)
2022-02-08 13:01:22,838:INFO:Initializing predict_model()
2022-02-08 13:01:22,838:INFO:predict_model(estimator=Pipeline(steps=[('dtypes',
                 DataTypes_Auto_infer(ml_usecase='classification',
                                      numerical_features=['yearsAtCompany'],
                                      target='turnover')),
                ('imputer',
                 Simple_Imputer(categorical_strategy='not_available',
                                fill_value_categorical=None,
                                fill_value_numerical=None,
                                numeric_strategy='mean',
                                target_variable=None)),
                ('new_levels1',
                 New_Catagorical_Levels_in_TestData(rep...
                ('rem_outliers', 'passthrough'), ('cluster_all', 'passthrough'),
                ('dummy', Dummify(target='turnover')),
                ('fix_perfect', Remove_100(target='turnover')),
                ('clean_names', Clean_Colum_Names()),
                ('feature_select', 'passthrough'), ('fix_multi', 'passthrough'),
                ('dfs', 'passthrough'), ('pca', 'passthrough'),
                ['trained_model',
                 GradientBoostingClassifier(random_state=4510)]]), probability_threshold=None, encoded_labels=False, drift_report=False, raw_score=False, round=4, verbose=True, ml_usecase=MLUsecase.CLASSIFICATION, display=None)
2022-02-08 13:01:22,838:INFO:Checking exceptions
2022-02-08 13:01:22,838:INFO:Preloading libraries
2022-02-08 13:02:02,048:INFO:Initializing load_model()
2022-02-08 13:02:02,048:INFO:load_model(model_name=model, platform=None, authentication=None, verbose=True)
2022-02-08 13:02:02,565:INFO:Initializing load_model()
2022-02-08 13:02:02,565:INFO:load_model(model_name=model, platform=None, authentication=None, verbose=True)
2022-02-08 13:02:05,291:INFO:Initializing load_model()
2022-02-08 13:02:05,291:INFO:load_model(model_name=model, platform=None, authentication=None, verbose=True)
2022-02-08 13:02:05,354:INFO:Initializing predict_model()
2022-02-08 13:02:05,354:INFO:predict_model(estimator=Pipeline(steps=[('dtypes',
                 DataTypes_Auto_infer(ml_usecase='classification',
                                      numerical_features=['yearsAtCompany'],
                                      target='turnover')),
                ('imputer',
                 Simple_Imputer(categorical_strategy='not_available',
                                fill_value_categorical=None,
                                fill_value_numerical=None,
                                numeric_strategy='mean',
                                target_variable=None)),
                ('new_levels1',
                 New_Catagorical_Levels_in_TestData(rep...
                ('rem_outliers', 'passthrough'), ('cluster_all', 'passthrough'),
                ('dummy', Dummify(target='turnover')),
                ('fix_perfect', Remove_100(target='turnover')),
                ('clean_names', Clean_Colum_Names()),
                ('feature_select', 'passthrough'), ('fix_multi', 'passthrough'),
                ('dfs', 'passthrough'), ('pca', 'passthrough'),
                ['trained_model',
                 GradientBoostingClassifier(random_state=4510)]]), probability_threshold=None, encoded_labels=False, drift_report=False, raw_score=False, round=4, verbose=True, ml_usecase=MLUsecase.CLASSIFICATION, display=None)
2022-02-08 13:02:05,369:INFO:Checking exceptions
2022-02-08 13:02:05,369:INFO:Preloading libraries
2022-02-08 14:58:47,518:INFO:Initializing load_model()
2022-02-08 14:58:47,531:INFO:load_model(model_name=model, platform=None, authentication=None, verbose=True)
2022-02-08 15:00:27,183:INFO:Initializing load_model()
2022-02-08 15:00:27,183:INFO:load_model(model_name=model, platform=None, authentication=None, verbose=True)
2022-02-08 15:00:33,072:INFO:Initializing load_model()
2022-02-08 15:00:33,072:INFO:load_model(model_name=model, platform=None, authentication=None, verbose=True)
2022-02-08 15:00:33,132:INFO:Initializing predict_model()
2022-02-08 15:00:33,133:INFO:predict_model(estimator=Pipeline(steps=[('dtypes',
                 DataTypes_Auto_infer(ml_usecase='classification',
                                      numerical_features=['yearsAtCompany'],
                                      target='turnover')),
                ('imputer',
                 Simple_Imputer(categorical_strategy='not_available',
                                fill_value_categorical=None,
                                fill_value_numerical=None,
                                numeric_strategy='mean',
                                target_variable=None)),
                ('new_levels1',
                 New_Catagorical_Levels_in_TestData(rep...
                ('rem_outliers', 'passthrough'), ('cluster_all', 'passthrough'),
                ('dummy', Dummify(target='turnover')),
                ('fix_perfect', Remove_100(target='turnover')),
                ('clean_names', Clean_Colum_Names()),
                ('feature_select', 'passthrough'), ('fix_multi', 'passthrough'),
                ('dfs', 'passthrough'), ('pca', 'passthrough'),
                ['trained_model',
                 GradientBoostingClassifier(random_state=4510)]]), probability_threshold=None, encoded_labels=False, drift_report=False, raw_score=False, round=4, verbose=True, ml_usecase=MLUsecase.CLASSIFICATION, display=None)
2022-02-08 15:00:33,135:INFO:Checking exceptions
2022-02-08 15:00:33,135:INFO:Preloading libraries
2022-02-08 15:05:35,117:INFO:Initializing load_model()
2022-02-08 15:05:35,117:INFO:load_model(model_name=model, platform=None, authentication=None, verbose=True)
2022-02-08 15:06:22,530:INFO:Initializing load_model()
2022-02-08 15:06:22,530:INFO:load_model(model_name=model, platform=None, authentication=None, verbose=True)
2022-02-08 15:06:22,591:INFO:Initializing predict_model()
2022-02-08 15:06:22,591:INFO:predict_model(estimator=Pipeline(steps=[('dtypes',
                 DataTypes_Auto_infer(ml_usecase='classification',
                                      numerical_features=['yearsAtCompany'],
                                      target='turnover')),
                ('imputer',
                 Simple_Imputer(categorical_strategy='not_available',
                                fill_value_categorical=None,
                                fill_value_numerical=None,
                                numeric_strategy='mean',
                                target_variable=None)),
                ('new_levels1',
                 New_Catagorical_Levels_in_TestData(rep...
                ('rem_outliers', 'passthrough'), ('cluster_all', 'passthrough'),
                ('dummy', Dummify(target='turnover')),
                ('fix_perfect', Remove_100(target='turnover')),
                ('clean_names', Clean_Colum_Names()),
                ('feature_select', 'passthrough'), ('fix_multi', 'passthrough'),
                ('dfs', 'passthrough'), ('pca', 'passthrough'),
                ['trained_model',
                 GradientBoostingClassifier(random_state=4510)]]), probability_threshold=None, encoded_labels=False, drift_report=False, raw_score=False, round=4, verbose=True, ml_usecase=MLUsecase.CLASSIFICATION, display=None)
2022-02-08 15:06:22,593:INFO:Checking exceptions
2022-02-08 15:06:22,594:INFO:Preloading libraries
2022-02-08 15:07:46,736:INFO:Initializing load_model()
2022-02-08 15:07:46,736:INFO:load_model(model_name=model, platform=None, authentication=None, verbose=True)
2022-02-08 15:07:46,797:INFO:Initializing predict_model()
2022-02-08 15:07:46,798:INFO:predict_model(estimator=Pipeline(steps=[('dtypes',
                 DataTypes_Auto_infer(ml_usecase='classification',
                                      numerical_features=['yearsAtCompany'],
                                      target='turnover')),
                ('imputer',
                 Simple_Imputer(categorical_strategy='not_available',
                                fill_value_categorical=None,
                                fill_value_numerical=None,
                                numeric_strategy='mean',
                                target_variable=None)),
                ('new_levels1',
                 New_Catagorical_Levels_in_TestData(rep...
                ('rem_outliers', 'passthrough'), ('cluster_all', 'passthrough'),
                ('dummy', Dummify(target='turnover')),
                ('fix_perfect', Remove_100(target='turnover')),
                ('clean_names', Clean_Colum_Names()),
                ('feature_select', 'passthrough'), ('fix_multi', 'passthrough'),
                ('dfs', 'passthrough'), ('pca', 'passthrough'),
                ['trained_model',
                 GradientBoostingClassifier(random_state=4510)]]), probability_threshold=None, encoded_labels=False, drift_report=False, raw_score=False, round=4, verbose=True, ml_usecase=MLUsecase.CLASSIFICATION, display=None)
2022-02-08 15:07:46,799:INFO:Checking exceptions
2022-02-08 15:07:46,800:INFO:Preloading libraries
2022-02-08 15:09:45,361:INFO:Initializing load_model()
2022-02-08 15:09:45,361:INFO:load_model(model_name=model, platform=None, authentication=None, verbose=True)
2022-02-08 15:09:49,780:INFO:Initializing load_model()
2022-02-08 15:09:49,780:INFO:load_model(model_name=model, platform=None, authentication=None, verbose=True)
2022-02-08 15:09:49,843:INFO:Initializing predict_model()
2022-02-08 15:09:49,843:INFO:predict_model(estimator=Pipeline(steps=[('dtypes',
                 DataTypes_Auto_infer(ml_usecase='classification',
                                      numerical_features=['yearsAtCompany'],
                                      target='turnover')),
                ('imputer',
                 Simple_Imputer(categorical_strategy='not_available',
                                fill_value_categorical=None,
                                fill_value_numerical=None,
                                numeric_strategy='mean',
                                target_variable=None)),
                ('new_levels1',
                 New_Catagorical_Levels_in_TestData(rep...
                ('rem_outliers', 'passthrough'), ('cluster_all', 'passthrough'),
                ('dummy', Dummify(target='turnover')),
                ('fix_perfect', Remove_100(target='turnover')),
                ('clean_names', Clean_Colum_Names()),
                ('feature_select', 'passthrough'), ('fix_multi', 'passthrough'),
                ('dfs', 'passthrough'), ('pca', 'passthrough'),
                ['trained_model',
                 GradientBoostingClassifier(random_state=4510)]]), probability_threshold=None, encoded_labels=False, drift_report=False, raw_score=False, round=4, verbose=True, ml_usecase=MLUsecase.CLASSIFICATION, display=None)
2022-02-08 15:09:49,845:INFO:Checking exceptions
2022-02-08 15:09:49,845:INFO:Preloading libraries
2022-02-08 15:47:27,574:INFO:Initializing load_model()
2022-02-08 15:47:27,574:INFO:load_model(model_name=model, platform=None, authentication=None, verbose=True)
2022-02-08 15:47:36,117:INFO:Initializing load_model()
2022-02-08 15:47:36,117:INFO:load_model(model_name=model, platform=None, authentication=None, verbose=True)
2022-02-08 15:47:36,290:INFO:Initializing load_model()
2022-02-08 15:47:36,290:INFO:load_model(model_name=model, platform=None, authentication=None, verbose=True)
2022-02-08 15:47:36,347:INFO:Initializing predict_model()
2022-02-08 15:47:36,347:INFO:predict_model(estimator=Pipeline(steps=[('dtypes',
                 DataTypes_Auto_infer(ml_usecase='classification',
                                      numerical_features=['yearsAtCompany'],
                                      target='turnover')),
                ('imputer',
                 Simple_Imputer(categorical_strategy='not_available',
                                fill_value_categorical=None,
                                fill_value_numerical=None,
                                numeric_strategy='mean',
                                target_variable=None)),
                ('new_levels1',
                 New_Catagorical_Levels_in_TestData(rep...
                ('rem_outliers', 'passthrough'), ('cluster_all', 'passthrough'),
                ('dummy', Dummify(target='turnover')),
                ('fix_perfect', Remove_100(target='turnover')),
                ('clean_names', Clean_Colum_Names()),
                ('feature_select', 'passthrough'), ('fix_multi', 'passthrough'),
                ('dfs', 'passthrough'), ('pca', 'passthrough'),
                ['trained_model',
                 GradientBoostingClassifier(random_state=4510)]]), probability_threshold=None, encoded_labels=False, drift_report=False, raw_score=False, round=4, verbose=True, ml_usecase=MLUsecase.CLASSIFICATION, display=None)
2022-02-08 15:47:36,358:INFO:Checking exceptions
2022-02-08 15:47:36,359:INFO:Preloading libraries
2022-02-08 15:49:24,247:INFO:Initializing load_model()
2022-02-08 15:49:24,247:INFO:load_model(model_name=model, platform=None, authentication=None, verbose=True)
2022-02-08 16:37:59,549:INFO:Initializing load_model()
2022-02-08 16:37:59,549:INFO:load_model(model_name=model, platform=None, authentication=None, verbose=True)
2022-02-08 16:37:59,614:INFO:Initializing predict_model()
2022-02-08 16:37:59,614:INFO:predict_model(estimator=Pipeline(steps=[('dtypes',
                 DataTypes_Auto_infer(ml_usecase='classification',
                                      numerical_features=['yearsAtCompany'],
                                      target='turnover')),
                ('imputer',
                 Simple_Imputer(categorical_strategy='not_available',
                                fill_value_categorical=None,
                                fill_value_numerical=None,
                                numeric_strategy='mean',
                                target_variable=None)),
                ('new_levels1',
                 New_Catagorical_Levels_in_TestData(rep...
                ('rem_outliers', 'passthrough'), ('cluster_all', 'passthrough'),
                ('dummy', Dummify(target='turnover')),
                ('fix_perfect', Remove_100(target='turnover')),
                ('clean_names', Clean_Colum_Names()),
                ('feature_select', 'passthrough'), ('fix_multi', 'passthrough'),
                ('dfs', 'passthrough'), ('pca', 'passthrough'),
                ['trained_model',
                 GradientBoostingClassifier(random_state=4510)]]), probability_threshold=None, encoded_labels=False, drift_report=False, raw_score=False, round=4, verbose=True, ml_usecase=MLUsecase.CLASSIFICATION, display=None)
2022-02-08 16:37:59,616:INFO:Checking exceptions
2022-02-08 16:37:59,616:INFO:Preloading libraries
2022-02-08 16:38:48,070:INFO:Initializing load_model()
2022-02-08 16:38:48,070:INFO:load_model(model_name=model, platform=None, authentication=None, verbose=True)
2022-02-08 16:39:10,758:INFO:Initializing load_model()
2022-02-08 16:39:10,758:INFO:load_model(model_name=model, platform=None, authentication=None, verbose=True)
2022-02-08 16:39:10,818:INFO:Initializing predict_model()
2022-02-08 16:39:10,819:INFO:predict_model(estimator=Pipeline(steps=[('dtypes',
                 DataTypes_Auto_infer(ml_usecase='classification',
                                      numerical_features=['yearsAtCompany'],
                                      target='turnover')),
                ('imputer',
                 Simple_Imputer(categorical_strategy='not_available',
                                fill_value_categorical=None,
                                fill_value_numerical=None,
                                numeric_strategy='mean',
                                target_variable=None)),
                ('new_levels1',
                 New_Catagorical_Levels_in_TestData(rep...
                ('rem_outliers', 'passthrough'), ('cluster_all', 'passthrough'),
                ('dummy', Dummify(target='turnover')),
                ('fix_perfect', Remove_100(target='turnover')),
                ('clean_names', Clean_Colum_Names()),
                ('feature_select', 'passthrough'), ('fix_multi', 'passthrough'),
                ('dfs', 'passthrough'), ('pca', 'passthrough'),
                ['trained_model',
                 GradientBoostingClassifier(random_state=4510)]]), probability_threshold=None, encoded_labels=False, drift_report=False, raw_score=False, round=4, verbose=True, ml_usecase=MLUsecase.CLASSIFICATION, display=None)
2022-02-08 16:39:10,821:INFO:Checking exceptions
2022-02-08 16:39:10,821:INFO:Preloading libraries
